<?xml version="1.0" encoding="UTF-8"?>
<testsuite name="top.produits.AppTest" tests="1" skipped="0" failures="0" errors="0" timestamp="2019-11-21T08:06:55" hostname="W541" time="0.001">
  <properties/>
  <testcase name="testAppHasAGreeting" classname="top.produits.AppTest" time="0.001"/>
  <system-out><![CDATA[]]></system-out>
  <system-err><![CDATA[]]></system-err>
</testsuite>
